1531
1514
1514
1512
1512
1512
1510
1510
1507
1507
1505
1505
1502
1502
1500
1500
1498
1498
1498
1495
1495
1493
1493
1490
1490
1490
1488
1488
1486
1486
1486
1483
1483
1481
1481
1481
1478
1478
1478
1476
1476
1476
1474
1474
1474
1471
1471
1471
1469
1469
1469
1466
1466
1466
1466
1464
1464
1464
1462
1462
1462
1462
1459
1459
1459
1459
1457
1457
1457
1457
1454
1454
1454
1454
1452
1452
1452
1452
1450
1450
1450
1450
1447
1447
1447
1447
1447
1445
1445
1445
1445
1442
1442
1442
1442
1442
1440
1440
1440
1440
1440
1438
1438
1438
1438
1438
1435
1435
1435
1435
1435
1433
1433
1433
1433
1433
1430
1430
1430
1430
1430
1430
1428
1428
1428
1428
1428
1425
1425
1425
1425
1425
1425
1423
1423
1423
1423
1423
1423
1421
1421
1421
1421
1421
1421
1418
1418
1418
1418
1418
1418
1418
1416
1416
1416
1416
1416
1416
1413
1413
1413
1413
1413
1413
1411
1411
1411
1411
1411
1411
1411
1409
1409
1409
1409
1409
1409
1409
1406
1406
1406
1406
1406
1406
1406
1406
1404
1404
1404
1404
1404
1404
1404
1401
1401
1401
1401
1401
1401
1401
1401
1399
1399
1399
1399
1399
1399
1399
1399
1397
1397
1397
1397
1397
1397
1397
1397
1394
1394
1394
1394
1394
1394
1394
1394
1392
1392
1392
1392
1392
1392
1392
1392
1392
1389
1389
1389
1389
1389
1389
1389
1389
1389
1389
1387
1387
1387
1387
1387
1387
1387
1387
1387
1387
1385
1385
1385
1385
1385
1385
1385
1385
1385
1385
1385
1382
1382
1382
1382
1382
1382
1382
1382
1382
1382
1382
1380
1380
1380
1380
1380
1380
1380
1380
1380
1380
1380
1380
1377
1377
1377
1377
1377
1377
1377
1377
1377
1377
1377
1377
1377
1377
1377
1375
1375
1375
1375
1375
1375
1375
1375
1375
1375
1375
1375
1375
1373
1373
1373
1373
1373
1373
1373
1373
1373
1373
1373
1373
1373
1373
1370
1370
1370
1370
1370
1370
1370
1370
1370
1370
1370
1370
1368
1368
1368
1368
1368
1368
1368
1368
1368
1368
1368
1368
1368
1368
1368
1368
1365
1365
1365
1365
1365
1365
1365
1365
1365
1365
1365
1365
1365
1365
1365
1365
1365
1365
1365
1365
1363
1363
1363
1363
1363
1363
1363
1363
1363
1363
1363
1363
1363
1363
1363
1363
1363
1363
1361
1361
1361
1361
1361
1361
1361
1361
1361
1361
1361
1361
1361
1361
1361
1361
1361
1361
1361
1361
1361
1361
1361
1358
1358
1358
1358
1358
1358
1358
1358
1358
1358
1358
1358
1358
1358
1358
1358
1358
1358
1356
1356
1356
1356
1356
1356
1356
1356
1356
1356
1356
1356
1356
1356
1356
1356
1356
1356
1353
1356
1353
1353
1353
1353
1353
1353
1353
1353
1353
1353
1353
1353
1353
1351
1353
1351
1351
1351
1351
1351
1351
1351
1351
1351
1351
1351
1351
1351
1349
1349
1349
1349
1349
1349
1349
1349
1349
1349
1349
1349
1349
1349
1346
1346
1346
1346
1346
1346
1346
1346
1346
1346
1346
1346
1344
1346
1346
1344
1344
1344
1344
1344
1344
1344
1344
1344
1344
1344
1344
1344
1344
1341
1341
1341
1341
1341
1341
1341
1341
1341
1341
1341
1341
1341
1341
1341
1339
1339
1339
1339
1339
1339
1339
1339
1339
1339
1339
1339
1339
1339
1339
1337
1337
1337
1337
1337
1337
1337
1337
1337
1337
1337
1337
1337
1337
1337
1334
1334
1334
1334
1334
1334
1334
1334
1334
1334
1334
1334
1334
1334
1334
1334
1332
1332
1332
1332
1332
1332
1332
1332
1332
1332
1332
1332
1332
1332
1332
1332
1329
1329
1329
1329
1329
1329
1329
1329
1329
1329
1329
1329
1329
1329
1329
1329
1327
1327
1327
1327
1327
1327
1327
1327
1327
1327
1327
1327
1327
1327
1327
1327
1327
1327
1324
1327
1324
1324
1324
1324
1324
1324
1324
1324
1324
1324
1324
1324
1324
1324
1324
1324
1322
1322
1322
1322
1322
1322
1322
1322
1322
1322
1322
1322
1322
1322
1322
1322
1322
1322
1320
1320
1320
1320
1320
1320
1320
1320
1320
1320
1320
1320
1320
1320
1320
1320
1320
1320
1317
1317
1317
1317
1317
1317
1317
1317
1317
1317
1317
1317
1317
1317
1317
1317
1317
1317
1317
1315
1315
1315
1315
1315
1315
1315
1315
1315
1315
1315
1315
1315
1315
1315
1315
1315
1315
1315
1315
1315
1312
1312
1312
1312
1312
1312
1312
1312
1312
1312
1312
1312
1312
1312
1312
1312
1312
1312
1312
1310
1310
1310
1310
1310
1310
1310
1310
1310
1310
1310
1310
1310
1310
1310
1310
1310
1310
1310
1310
1310
1308
1308
1308
1308
1308
1308
1308
1308
1308
1308
1308
1308
1308
1308
1308
1308
1308
1308
1308
1308
1308
1308
1308
1305
1305
1305
1305
1305
1305
1305
1305
1305
1305
1305
1305
1305
1305
1305
1305
1305
1305
1305
1305
1305
1305
1303
1303
1303
1303
1303
1303
1303
1303
1303
1303
1303
1303
1303
1303
1303
1303
1303
1303
1303
1303
1303
1303
1303
1303
1303
1303
1300
1300
1300
1300
1300
1300
1300
1300
1300
1300
1300
1300
1300
1300
1300
1300
1300
1300
1300
1300
1300
1300
1300
1298
1298
1298
1298
1298
1298
1298
1298
1298
1298
1298
1298
1298
1298
1298
1298
1298
1298
1298
1298
1298
1298
1298
1298
1298
1298
1298
1298
1296
1296
1296
1296
1296
1296
1296
1296
1296
1296
1296
1296
1296
1296
1296
1296
1296
1296
1296
1296
1296
1296
1296
1296
1296
1296
1296
1296
1296
1296
1296
1296
1293
1296
1293
1293
1293
1293
1293
1293
1293
1293
1293
1293
1293
1293
1293
1293
1293
1293
1293
1293
1293
1293
1293
1293
1293
1293
1293
1293
1293
1293
1293
1293
1293
1293
1293
1293
1293
1293
1293
1293
1293
1293
538
815
870
719
848
870
711
767
719
670
603
615
675
685
608
497
565
500
488
538
416
420
432
480
485
584
507
521
442
387
435
353
435
444
319
312
387
391
391
394
286
399
264
341
416
327
302
343
310
471
185
274
230
791
1183
1197
1202
1207
1211
1214
1216
1219
1221
1223
1223
1226
1228
1228
1231
1231
1233
1233
1236
1236
1236
1238
1238
1238
1238
1240
1243
1243
1243
1243
1243
1245
1245
1245
1248
1248
1250
1248
1250
1250
1252
1250
1252
1252
1252
1252
1255
1255
1255
1255
1257
1257
1257
1257
1257
1260
1260
1260
1262
1260
1260
1260
1262
1262
1262
1262
1264
1264
1264
1264
1264
1264
1264
1267
1267
1267
1267
1267
1269
1267
1267
1269
1269
1269
1269
1267
1269
1272
1272
1272
1272
1272
1272
1272
1274
1272
1272
1274
1274
1274
1274
1274
1274
1274
1276
1274
1276
1276
1276
1276
1276
1276
1276
1276
1279
1279
1279
1279
1279
1279
1279
1279
1279
1279
1279
1281
1281
1281
1281
1281
1281
1281
1281
1281
1281
1284
1281
1284
1284
1284
1284
1284
1284
1284
1284
1284
1284
1284
1284
1286
1284
1284
1284
1284
1286
1286
1288
1288
1288
1288
1288
1288
1288
1288
1288
1288
1288
1288
1288
1288
1288
1288
1288
1288
1288
1288
1288
1291
1291
1308
1312
1392
1324
1324
1324
1327
1394
1399
1337
1337
1337
1337
1337
1337
1401
1344
1341
1341
1341
1341
1404
1346
1346
1346
1349
1346
1346
1406
1349
1349
1406
1349
1349
1406
1349
1349
1406
1351
1349
1406
1351
1351
1406
1353
1353
1406
1356
1353
1365
1356
1406
1358
1358
1361
1358
1363
1361
1365
1361
1411
1363
1411
1363
1413
1363
1368
1365
1365
1411
1365
1416
1365
1368
1413
1368
1370
1368
1368
1373
1368
1370
1373
1413
1320
1406
1361
1363
1365
1411
1368
1416
1368
1370
1413
1370
1373
1370
1373
1377
1373
1373
1375
1416
1373
1375
1418
1375
1375
1377
1418
1375
1377
1380
1418
1377
1377
1380
1421
1377
1377
1380
1421
1416
1380
1380
1382
1423
1421
1380
1380
1382
1385
1423
1421
1382
1382
1382
1385
1385
1423
1423
1382
1385
1385
1385
1385
1387
1425
1423
1385
1385
1385
1387
1387
1387
1389
1392
1425
1425
1423
1387
1387
1387
1389
1389
1389
1389
1392
1392
1428
1428
1425
1389
1389
1389
1389
1389
1392
1392
1392
1392
1394
1428
1428
1425
1392
1392
1392
1392
1392
1394
1394
1394
1394
1394
1397
1397
1430
1430
1430
1430
1430
1430
1430
1428
1428
1394
1394
1394
1394
1394
1394
1392
1392
1389
1389
1387
1387
1385
1385
1385
1385
1382
1385
1382
1385
1382
1382
1380
1380
1382
1380
1380
1380
1380
1380
1380
1380
1380
1377
1377
1377
1377
1375
1375
1377
1375
1375
1375
1375
1377
1375
1375
1375
1375
1373
1373
1375
1373
1373
1373
1373
1375
1373
1373
1373
1373
1373
1373
1373
1373
1370
1373
1370
1370
1370
1370
1373
1370
1370
1370
1370
1373
1370
1370
1370
1370
1370
1370
1370
1370
1368
1368
1368
1368
1370
1370
1368
1368
1368
1368
1368
1368
1368
1368
1368
1368
1368
1365
1368
1368
1365
1368
1368
1365
1365
1365
1365
1365
1368
1365
1365
1365
1365
1368
1365
1365
1365
1365
1365
1365
1368
1365
1365
1365
1365
1365
1365
1365
1365
1365
1365
1365
1365
1365
1365
1365
1365
1365
1365
1363
1365
1365
1365
1365
1365
1365
1363
1365
1365
1365
1365
1365
1365
1365
1363
1363
1365
1363
1363
1365
1363
1363
1365
1363
1363
1363
1365
1363
1363
1363
1363
1363
1365
1363
1363
1363
1363
1363
1363
1363
1365
1363
1365
1365
1363
1363
1363
1363
1363
1363
1363
1363
1363
1363
1363
1363
1363
1363
1363
1363
1363
1363
1363
1363
1363
1363
1361
1361
1363
1361
1361
1361
1361
1361
1361
1363
1361
1363
1361
1361
1361
1361
1361
1361
1361
1363
1361
1361
1361
1361
1363
1361
1361
1361
1361
1361
1361
1361
1361
1363
1361
1361
1361
1361
1361
1361
1363
1361
1361
1361
1361
1361
1363
1363
1361
1363
1361
1361
1363
1361
1361
1361
1363
1361
1361
1361
1361
1363
1363
1361
1361
1361
1361
1361
1363
1361
1361
1361
1363
1363
1361
1361
1361
1361
1361
1361
1361
1361
1361
1361
1361
1361
1361
1361
1361
1361
1361
1361
1361
1361
1361
1361
1361
1361
1361
1361
1361
1361
1361
1361
1361
1361
1361
1361
1361
1361
1361
1361
1358
1361
1361
1358
1358
1361
1358
1358
1361
1358
1358
1358
1361
1358
1358
1358
1361
1358
1361
1358
1358
1361
1358
1358
1358
1358
1361
1358
1358
1361
1361
1358
1358
1358
1358
1358
1358
1358
1358
1361
1358
1358
1358
1358
1361
1358
1358
1358
1361
1358
1358
1358
1358
1358
1358
1358
1358
1358
1361
1361
1358
1358
1358
1358
1358
1358
1358
1358
1358
1358
1358
1358
1358
1358
1358
1358
1358
1351
1358
1358
1358
1361
1358
1358
1358
1358
1358
1358
1356
1361
1370
1370
1418
1373
1418
1418
1370
1373
1368
1368
1373
1377
1421
1380
1382
1382
1423
1382
1385
1380
1380
1377
1375
1373
1370
1377
1380
1382
1382
1385
1421
1385
1387
1421
1387
1389
1423
1389
1392
1423
1392
1394
1392
1392
1423
1392
1425
1394
1397
1394
1399
1428
1399
1397
1401
1397
1399
1394
1397
1430
1399
1399
1399
1399
1399
1399
1433
1433
1433
1435
1406
1404
1404
1433
1401
1401
1397
1397
1394
1392
1404
1397
1394
1397
1397
1399
1399
1399
1401
1401
1433
1401
1404
1404
1404
1404
1433
1435
1404
1435
1404
1406
1406
1433
1430
1406
1406
1406
1409
1433
1406
1406
1406
1409
1433
1406
1406
1409
1409
1409
1435
1435
1409
1409
1409
1409
1409
1411
1411
1411
1438
1440
1413
1411
1411
1440
1416
1413
1413
1413
1442
1413
1413
1413
1442
1413
1413
1413
1442
1416
1413
1413
1418
1416
1416
1442
1416
1416
1442
1416
1416
1442
1416
1416
1442
1418
1416
1442
1418
1416
1442
1418
1416
1445
1418
1416
1421
1418
1418
1418
1418
1445
1418
1418
1445
1418
1418
1418
1442
1418
1418
1442
1418
1418
1445
1418
1418
1445
1418
1418
1445
1418
1418
1423
1418
1418
1421
1418
1418
1445
1421
1421
1445
1421
1421
1447
1421
1421
1423
1421
1447
1423
1421
1447
